--------------------------------------------
Log duration:		6 days, 18:30:14.227000 2015-09-10 11:28:13.347000 2015-09-03 16:57:59.120000
Active duration:	1:19:33.987000
Active ratio:		0.82%
Tab duration:		13:23:02.279000
Max number of tabs:	14
Max number of windows:	2
Average number of tabs:	10.0926707593
Number of searches:	57
1 search every:		83.7541578947 seconds
--------------------------------------------
Active % / Tab count
###############################################################################
█████████████████████████████████████████                             13.52  14
███████████████████                                                    6.24  13
█████████████████                                                      5.69  12
███████████████████████████████████████████████████████               17.83  11
███████████████████████████████████████████████████                   16.55  10
█████████████████████████████████                                     10.76  9 
██████████████████████                                                 7.16  8 
████████████████████████████████████████████████████████████████████  21.93  7 
                                                                       0.02  6 
                                                                        0.0  5 
                                                                        0.3  4 
                                                                        0.0  3 
                                                                        0.0  2 
                                                                        0.0  1 
--------------------------------------------
Active % / Tab count
###############################################################################
███████████████████████                                                25.41  2
█████████████████████████████████████████████████████████████████████  74.59  1
--------------------------------------------
Active % / Domain
#######################################################################################################
██████████████████████████████████████████████████  19.14  U2FsdGVkX1+34wCnMNOwb1dg1gbDMuEm3wIeUIVRK8g=
██████████████████████                               8.43  U2FsdGVkX1+0lRnRfxpxjM8SUTMpw/FrhOFwZ2lNMTA=
███████████                                          4.31  U2FsdGVkX188p8UEzyE4jp73x0LIdB++eLvbF49TSAQ=
██████████                                           4.14  U2FsdGVkX1/aW15Xw0H1BpeM5U2PKPz5De6LT1v/WQg=
████████                                             3.13  U2FsdGVkX1/JedN31w0iml7nKnwXzlDhA4n3Zt33+7g=
███████                                              2.82  U2FsdGVkX19dzS6kmJt8XdhMgOVnUybs/gVo1WJBk+c=
███████                                               2.7  U2FsdGVkX1+iKXCU+CPrtZsU1tWwPOFLu4jiNlmqxk8=
██████                                               2.64  U2FsdGVkX18kSKXnTAVoNtXCnBIKPEiSPlEOQV/J6Kw=
█████                                                2.16  U2FsdGVkX19rZ1oueq1ghFlbscy8Go49y9LqXAYnleA=
████                                                 1.71  U2FsdGVkX1/AXZizKrtoFDaaIApjppDbdX37gkut1D0=
████                                                 1.65  U2FsdGVkX1/XCI7XtdaZWDUJlduOVrx5OXtEK5VZKOw=
--------------------------------------------
Direct branching count / Domain
#####################################################################################################
██████████████████████████████████████████████████  1.0  U2FsdGVkX19lb+bB816Qf/YB0yLwic+hvNNmXrN6mXM=
██████████████████████████████████████████████████  1.0  U2FsdGVkX1/gWnDbBnPXNNNDWkt7ohHjLJjp1iRR/pM=
██████████████████████████████████████████████████  1.0  U2FsdGVkX19Dyj+bcbnQGsx452GVf9MsttrxKWPxCQ4=
██████████████████████████████████████████████████  1.0  U2FsdGVkX18xosa7sAvthYOff1cbtTQ/Tl7oNkfrtUA=
██████████████████████████████████████████████████  1.0  U2FsdGVkX19X22DTr8XUjWqsS7L6MH6OwsmvriQGZQw=
██████████████████████████████████████████████████  1.0  U2FsdGVkX19KZOeKTzsmeko7s1NxDntOoey4E5j6GcA=
██████████████████████████████████████████████████  1.0  U2FsdGVkX18fdwKTUUHflKd0UUlzSD1ugE5uBUiju2Y=
██████████████████████████████████████████████████  1.0  U2FsdGVkX1/I0tNTyuOANsFS/gOtLlB1DuopK4KEFok=
██████████████████████████████████████████████████  1.0  U2FsdGVkX18C97iuB9rlr8cxHzXxLyI353mV8P82Acw=
██████████████████████████████████████████████████  1.0  U2FsdGVkX18lK5zs4V+IWUGi30YvMGKS0qPN+qZDrK0=
██████████████████████████████████████████████████  1.0  U2FsdGVkX198HNsJG8n95UESvgLkZk8Hxy9603PzWXg=
--------------------------------------------
Indirect branching count / Domain
#####################################################################################################
██████████████████████████████████████████████████  1.0  U2FsdGVkX19lb+bB816Qf/YB0yLwic+hvNNmXrN6mXM=
██████████████████████████████████████████████████  1.0  U2FsdGVkX1/gWnDbBnPXNNNDWkt7ohHjLJjp1iRR/pM=
██████████████████████████████████████████████████  1.0  U2FsdGVkX19Dyj+bcbnQGsx452GVf9MsttrxKWPxCQ4=
██████████████████████████████████████████████████  1.0  U2FsdGVkX18xosa7sAvthYOff1cbtTQ/Tl7oNkfrtUA=
██████████████████████████████████████████████████  1.0  U2FsdGVkX19X22DTr8XUjWqsS7L6MH6OwsmvriQGZQw=
██████████████████████████████████████████████████  1.0  U2FsdGVkX19KZOeKTzsmeko7s1NxDntOoey4E5j6GcA=
██████████████████████████████████████████████████  1.0  U2FsdGVkX18fdwKTUUHflKd0UUlzSD1ugE5uBUiju2Y=
██████████████████████████████████████████████████  1.0  U2FsdGVkX1/I0tNTyuOANsFS/gOtLlB1DuopK4KEFok=
██████████████████████████████████████████████████  1.0  U2FsdGVkX18C97iuB9rlr8cxHzXxLyI353mV8P82Acw=
██████████████████████████████████████████████████  1.0  U2FsdGVkX18lK5zs4V+IWUGi30YvMGKS0qPN+qZDrK0=
██████████████████████████████████████████████████  1.0  U2FsdGVkX198HNsJG8n95UESvgLkZk8Hxy9603PzWXg=
--------------------------------------------
