--------------------------------------------
Log duration:		6 days, 20:24:13.144000 2015-09-10 13:42:50.533000 2015-09-03 17:18:37.389000
Active duration:	0:42:17.179000
Active ratio:		0.43%
Tab duration:		5:44:50.200000
Max number of tabs:	15
Max number of windows:	3
Average number of tabs:	8.15480500193
Number of searches:	33
1 search every:		76.8842121212 seconds
--------------------------------------------
Active % / Tab count
###############################################################################
                                                                       0.13  15
███                                                                    1.09  14
███████████                                                            3.18  13
██                                                                     0.78  12
████████████████████████████████████████████████████████████████████  19.54  11
███████████████████████████████████████████████████████████████       18.25  10
█████████████████████████████████████                                 10.72  9 
█                                                                      0.47  8 
███████████████████████████████████████████████████████████           17.11  7 
███████████████████████████████████████████████                       13.65  6 
                                                                        0.0  5 
██████████                                                             2.95  4 
██████████████████████████████████████████                            12.13  3 
                                                                        0.0  2 
--------------------------------------------
Active % / Tab count
###############################################################################
██                                                                      3.28  3
█████████████████████████████████████████████████████████████████████  79.69  2
██████████████                                                         17.02  1
--------------------------------------------
Active % / Domain
#######################################################################################################
██████████████████████████████████████████████████  14.26  U2FsdGVkX19BpvGtp5Hcgxr1taXhTlu0Hee/5Tlbco0=
█████████████████████████████████████████████████   14.21  U2FsdGVkX1+nmmkIJMucLHmdbF8e0eDH+h8j++894Ng=
███████████████████████████████████████████████     13.65  U2FsdGVkX1+i+uU9gtLVhRjBAeqmBmfG8O9nn+XTN2c=
██████████████████████████████████                   9.74  U2FsdGVkX18l0WGDkFISjAjnj4wSd6I5qwaxKNQW6kU=
█████████████████████████████                         8.5  U2FsdGVkX184vKm5Ct0AJa3O5CFerAxmMCJZoqkTDy8=
█████████████████████                                6.17  U2FsdGVkX18NXWegYePPaX6yBf/PYaBdPNkJkFINoSk=
███████████████████                                  5.43  U2FsdGVkX1+Le2zZk0/kKdJclL2dZSLYa+ViMu82hNg=
█████████████                                         3.9  U2FsdGVkX1928cIZH7vBoz+G4q1AgTkZ+I0d4ZKtS7I=
█████████████                                        3.88  U2FsdGVkX18mYeZQO/67CRBe5UlC1nAi4+pdH+m0d2c=
████████████                                         3.43  U2FsdGVkX19uZi8Lgem7y5Hezu9pucSHh/eoEIo6/qs=
███████████                                          3.19  U2FsdGVkX19IoiY+tli3QvcNbnHEk0ol8pf/RUW5NPs=
--------------------------------------------
Direct branching count / Domain
#####################################################################################################
██████████████████████████████████████████████████  2.0  U2FsdGVkX1+mUMyif/Rt5O8i9KGkEzy9FsoMCFfsPLs=
█████████████████████████                           1.0  U2FsdGVkX1/Q0lTiVMBGalKBFkukUQ2kLjvVx7O8jmE=
█████████████████████████                           1.0  U2FsdGVkX1+NB1ZcrXt/iRDnO8LJMg7uEdXe77itMBs=
█████████████████████████                           1.0  U2FsdGVkX1/kifzr01AcSwa0lPaYS9X2R7oNVN0Xwmw=
█████████████████████████                           1.0  U2FsdGVkX197msrtRuKQpp6VwT2+c1RgnF84o6WwkJ4=
█████████████████████████                           1.0  U2FsdGVkX1/MgxBq73iIs410jqgz4sKNPkpfxRo7dCw=
█████████████████████████                           1.0  U2FsdGVkX1+JRiynOCyMjBe93+0P593MnwT7QXqwiwY=
█████████████████████████                           1.0  U2FsdGVkX1/ch6Yj11paYQI6tGiErftHvsBWHMu+C8U=
█████████████████████████                           1.0  U2FsdGVkX18tukchmZVFBq40f2zSHw14PCVVFhJdGrU=
█████████████████████████                           1.0  U2FsdGVkX1+BBvl8SlBZzk4B7NrNncgcG4GOszzxCSY=
█████████████████████████                           1.0  U2FsdGVkX1+HvMY04MvV7t9Og+7XKrwOP1B0XgibaqY=
--------------------------------------------
Indirect branching count / Domain
#####################################################################################################
██████████████████████████████████████████████████  2.0  U2FsdGVkX1+mUMyif/Rt5O8i9KGkEzy9FsoMCFfsPLs=
█████████████████████████                           1.0  U2FsdGVkX1/Q0lTiVMBGalKBFkukUQ2kLjvVx7O8jmE=
█████████████████████████                           1.0  U2FsdGVkX1+NB1ZcrXt/iRDnO8LJMg7uEdXe77itMBs=
█████████████████████████                           1.0  U2FsdGVkX1/kifzr01AcSwa0lPaYS9X2R7oNVN0Xwmw=
█████████████████████████                           1.0  U2FsdGVkX197msrtRuKQpp6VwT2+c1RgnF84o6WwkJ4=
█████████████████████████                           1.0  U2FsdGVkX1/MgxBq73iIs410jqgz4sKNPkpfxRo7dCw=
█████████████████████████                           1.0  U2FsdGVkX1+JRiynOCyMjBe93+0P593MnwT7QXqwiwY=
█████████████████████████                           1.0  U2FsdGVkX1/ch6Yj11paYQI6tGiErftHvsBWHMu+C8U=
█████████████████████████                           1.0  U2FsdGVkX18tukchmZVFBq40f2zSHw14PCVVFhJdGrU=
█████████████████████████                           1.0  U2FsdGVkX1+BBvl8SlBZzk4B7NrNncgcG4GOszzxCSY=
█████████████████████████                           1.0  U2FsdGVkX1+HvMY04MvV7t9Og+7XKrwOP1B0XgibaqY=
--------------------------------------------
