--------------------------------------------
Log duration:		5 days, 20:41:11.086000 2015-09-10 12:21:25.183000 2015-09-04 15:40:14.097000
Active duration:	5:53:28.120000
Active ratio:		4.19%
Tab duration:		3 days, 1:46:21.916000
Max number of tabs:	27
Max number of windows:	1
Average number of tabs:	12.5226524558
Number of searches:	191
1 search every:		111.037277487 seconds
--------------------------------------------
Active % / Tab count
###############################################################################
                                                                        0.0  27
                                                                       0.14  26
█                                                                      0.25  25
██████████████████████████████████████████                             8.26  24
███████████                                                            2.23  23
                                                                       0.18  22
██████                                                                 1.33  21
██                                                                     0.49  20
                                                                       0.07  19
███████████████████████████████████████████████████████████████████   13.28  18
██████                                                                 1.33  17
██████████████████████████████████████                                 7.61  16
███████████████                                                         3.0  15
███████████████████████████████████████████████████                   10.18  14
███                                                                    0.62  13
██████████████████████████████                                         6.04  12
████████                                                                1.7  11
████████████                                                           2.52  10
████████████████████████████████████████                               7.87  9 
████                                                                   0.81  8 
████████████████████████████████████████████████████████████████████  13.36  7 
█████████████████████████████████                                      6.66  6 
█████████████                                                           2.6  5 
████████████                                                           2.47  4 
███████████████████████████████████                                    6.97  3 
                                                                       0.01  2 
                                                                       0.03  1 
--------------------------------------------
Active % / Tab count
###############################################################################
█████████████████████████████████████████████████████████████████████  100.0  1
--------------------------------------------
Active % / Domain
##########################################################################################################################
██████████████████████████████████████████████████  7.39  U2FsdGVkX1/eHXXTmi92c3WEBOIOQR5HlYzbiebtOfw=                    
█████████████████████████████████████████████████   7.34  U2FsdGVkX1/yz4WiMkBfoSUfCMUoWRplx8+Uub9Mcsw=                    
█████████████████████████████████                   4.93  U2FsdGVkX1868ZrXRGOLGx+1QMLthiHnFYKiEXgfEuU=                    
████████████████████████████████                    4.85  U2FsdGVkX1+UvCSLiqdhi5aKTqMRuyH/GC51kagc300=                    
████████████████████████                            3.58  U2FsdGVkX19TVsk9WoxGn+peBsExsB0ukHD4BRRhChxsMZArK9wQw1uQvIiPKxPW
██████████████████████                              3.31  U2FsdGVkX18J34dqQU6C1ZrtoDUGxh4Eq7UWF1diPXU=                    
█████████████████████                                3.2  U2FsdGVkX1/tTokJUYpeBwAs/mFTPXs8G/FKG9Tr660=                    
████████████████████                                2.97  U2FsdGVkX1/BNYwuhiludN9bwCRAm1QWJbjYjhsLa9o=                    
██████████████████                                  2.69  U2FsdGVkX1+vWTXG64SsNOu4sI7WBtSrGimnGQ3DTAe9eW/KSdLvNXcIJmMbbG6a
███████████████                                     2.27  U2FsdGVkX1+5Z5Lc6GogAmLtT5Nig6ZM1T2fJPfxPSk=                    
██████████████                                      2.17  U2FsdGVkX19Uco9FkQ+7V1qewAgdLiWBu9RE1H2ljyQ=                    
--------------------------------------------
Direct branching count / Domain
#####################################################################################################
██████████████████████████████████████████████████  2.0  U2FsdGVkX1+iGwzoDDcEnhdtzqTkAMsr5EWfFRTcHxs=
██████████████████████████████████████████████████  2.0  U2FsdGVkX1/aPHraU1aRKDyX9qKcAoppQchcO+qlThg=
██████████████████████████████████████████████████  2.0  U2FsdGVkX1+VGHP22L87/gq2lxm9WugEnb0g+BKoF34=
█████████████████████████                           1.0  U2FsdGVkX18W1Glz0TNPO5tcrOoR9WcSu7RNv/T+Dak=
█████████████████████████                           1.0  U2FsdGVkX1+uORYIo5QPLXbaM+Ok196r1dFTQw7+Rgc=
█████████████████████████                           1.0  U2FsdGVkX1+8N3ZmHhBXKTuKMsefmScuNAsN0zxF6iM=
█████████████████████████                           1.0  U2FsdGVkX1/dGqPCQ0TVz6IntsIFdvWB5jHyUSWcCSc=
█████████████████████████                           1.0  U2FsdGVkX18AWLDvQq0TL3juTb75G2ue6pOM59JHEZw=
█████████████████████████                           1.0  U2FsdGVkX19AZrSlrM1jaurJyd32HRwD7cyCcJfDZIQ=
█████████████████████████                           1.0  U2FsdGVkX19YzKEzAH1XF0EcPYtUk9BhsXrgccJ0DvE=
█████████████████████████                           1.0  U2FsdGVkX1+8jrcGFWbnm46aHT/1pGfiZ7Ouh7RBZZI=
--------------------------------------------
Indirect branching count / Domain
#####################################################################################################
██████████████████████████████████████████████████  2.0  U2FsdGVkX1+iGwzoDDcEnhdtzqTkAMsr5EWfFRTcHxs=
██████████████████████████████████████████████████  2.0  U2FsdGVkX1/aPHraU1aRKDyX9qKcAoppQchcO+qlThg=
██████████████████████████████████████████████████  2.0  U2FsdGVkX1+VGHP22L87/gq2lxm9WugEnb0g+BKoF34=
█████████████████████████                           1.0  U2FsdGVkX18W1Glz0TNPO5tcrOoR9WcSu7RNv/T+Dak=
█████████████████████████                           1.0  U2FsdGVkX1+uORYIo5QPLXbaM+Ok196r1dFTQw7+Rgc=
█████████████████████████                           1.0  U2FsdGVkX1+8N3ZmHhBXKTuKMsefmScuNAsN0zxF6iM=
█████████████████████████                           1.0  U2FsdGVkX1/dGqPCQ0TVz6IntsIFdvWB5jHyUSWcCSc=
█████████████████████████                           1.0  U2FsdGVkX18AWLDvQq0TL3juTb75G2ue6pOM59JHEZw=
█████████████████████████                           1.0  U2FsdGVkX19AZrSlrM1jaurJyd32HRwD7cyCcJfDZIQ=
█████████████████████████                           1.0  U2FsdGVkX19YzKEzAH1XF0EcPYtUk9BhsXrgccJ0DvE=
█████████████████████████                           1.0  U2FsdGVkX1+8jrcGFWbnm46aHT/1pGfiZ7Ouh7RBZZI=
--------------------------------------------
