--------------------------------------------
Log duration:		4 days, 23:33:23.431000 2015-09-07 19:12:50.319000 2015-09-02 19:39:26.888000
Active duration:	4:10:44.884000
Active ratio:		3.50%
Tab duration:		2 days, 13:51:56.607000
Max number of tabs:	24
Max number of windows:	3
Average number of tabs:	14.8034778467
Number of searches:	279
1 search every:		53.9243154122 seconds
--------------------------------------------
Active % / Tab count
###############################################################################
                                                                        0.0  24
████████████████████████████████████████████████████████████████████  22.87  23
                                                                       0.16  22
                                                                       0.25  21
█                                                                      0.34  20
███████████████████████████████████                                   11.82  19
                                                                       0.22  18
█                                                                       0.4  17
██                                                                     0.79  16
██████████████████████████                                             8.87  15
██                                                                     0.77  14
███████████████████████████████████████████████                       15.95  13
██████████                                                             3.52  12
█████████████████                                                      5.92  11
█████████████████                                                      5.75  10
████████████████████████████                                           9.62  9 
████                                                                   1.46  8 
█████████████████████████████                                          9.77  7 
██                                                                     0.68  6 
██                                                                     0.81  5 
                                                                       0.03  4 
                                                                        0.0  3 
                                                                        0.0  2 
--------------------------------------------
Active % / Tab count
###############################################################################
                                                                         0.0  3
█████████████                                                          16.81  2
█████████████████████████████████████████████████████████████████████  83.19  1
--------------------------------------------
Active % / Domain
###########################################################################################################################
██████████████████████████████████████████████████  21.88  U2FsdGVkX19v7f6B8hszAIgF0OI954TwkMOOGQ74W1k=                    
██████████████                                       6.51  U2FsdGVkX19CbdDVWTaPaOt0Q98OMP6dCQWTSPDkVLM=                    
██████████████                                        6.5  U2FsdGVkX1/d622srULY4x7X9Tb/SW58KQey2p7Zhlo=                    
███████████                                          4.84  U2FsdGVkX18PtNeZCOHxsLfivg0fH/5ukI1IMzple4V5tNuaRaEOrldcgfTvRhpc
███████████                                          4.83  U2FsdGVkX186f2POGYTqY/RNERNWtNQEBBJiNWYf+uY=                    
██████████                                           4.48  U2FsdGVkX1/m6+x4mLflO/b5LJGKSwB2tCfEDJzN2kI=                    
████████                                             3.54  U2FsdGVkX1+2wL6BDJIHIenr1QWVL7GinLBd+WwlB8w=                    
██████                                               3.02  U2FsdGVkX1/ayCdm1O2z2WrQ0fRlbLI23WtSTZ1VtqY=                    
██████                                                2.7  U2FsdGVkX19fIIZm18mM00rVoPuV8q74nFn/mW6pKso=                    
█████                                                 2.3  U2FsdGVkX19uWb9o3NGEZrYc9HeOYENZt1L6cow/GBA=                    
████                                                 2.09  U2FsdGVkX1/vWOpy/BLYujtU2pZqR4mQwjUA4fKvBgndDhBRn9zvWAdHvMoY1joq
--------------------------------------------
Direct branching count / Domain
#########################################################################################################################
██████████████████████████████████████████████████  2.0  U2FsdGVkX1/vtCmMOLHpfTWmsDKS6piPkeS1R+Pcg90=                    
██████████████████████████████████████████████████  2.0  U2FsdGVkX1+etvv2MWYwqENxPnapmVAM9wGaMy7ebWs=                    
██████████████████████████████████████████████████  2.0  U2FsdGVkX1+j36R7iU7BvUL7K/2WJUkZOQJDzDOuVcw=                    
██████████████████████████████████████████████████  2.0  U2FsdGVkX19YmJfVpEhc871xPpXCpNrot63mqj8VKQ8=                    
█████████████████████████                           1.0  U2FsdGVkX19PVLf4Fd1Q4GKvFIr7MdNYHsku5CyQwpM=                    
█████████████████████████                           1.0  U2FsdGVkX1/vl5exUIlBC06XCG2pgApyr3pqPACX8ZS3a9iD1lDdI/Tft8PTjp8W
█████████████████████████                           1.0  U2FsdGVkX18JkKjehKEx+XiInvBt/g2XGwGnSJTbsiE=                    
█████████████████████████                           1.0  U2FsdGVkX19ewTO+lgqiZINbdf5GinXg/MyT+lL6+o0=                    
█████████████████████████                           1.0  U2FsdGVkX19zd2qvZPp3Lv4MCpn/0l5sTQrHRcgodCA=                    
█████████████████████████                           1.0  U2FsdGVkX18EcsYXP2aVpwFbQAA/vnj/1uVx8fZt310=                    
█████████████████████████                           1.0  U2FsdGVkX19aBlZUYZ0bQHvvOYjqmSzTp8RlZhZJFIE=                    
--------------------------------------------
Indirect branching count / Domain
#########################################################################################################################
██████████████████████████████████████████████████  2.0  U2FsdGVkX1/vtCmMOLHpfTWmsDKS6piPkeS1R+Pcg90=                    
██████████████████████████████████████████████████  2.0  U2FsdGVkX1+etvv2MWYwqENxPnapmVAM9wGaMy7ebWs=                    
██████████████████████████████████████████████████  2.0  U2FsdGVkX1+j36R7iU7BvUL7K/2WJUkZOQJDzDOuVcw=                    
██████████████████████████████████████████████████  2.0  U2FsdGVkX19YmJfVpEhc871xPpXCpNrot63mqj8VKQ8=                    
█████████████████████████                           1.0  U2FsdGVkX19PVLf4Fd1Q4GKvFIr7MdNYHsku5CyQwpM=                    
█████████████████████████                           1.0  U2FsdGVkX1/vl5exUIlBC06XCG2pgApyr3pqPACX8ZS3a9iD1lDdI/Tft8PTjp8W
█████████████████████████                           1.0  U2FsdGVkX18JkKjehKEx+XiInvBt/g2XGwGnSJTbsiE=                    
█████████████████████████                           1.0  U2FsdGVkX19ewTO+lgqiZINbdf5GinXg/MyT+lL6+o0=                    
█████████████████████████                           1.0  U2FsdGVkX19zd2qvZPp3Lv4MCpn/0l5sTQrHRcgodCA=                    
█████████████████████████                           1.0  U2FsdGVkX18EcsYXP2aVpwFbQAA/vnj/1uVx8fZt310=                    
█████████████████████████                           1.0  U2FsdGVkX19aBlZUYZ0bQHvvOYjqmSzTp8RlZhZJFIE=                    
--------------------------------------------
