--------------------------------------------
Log duration:		6 days, 22:55:58.134000 2015-09-10 13:43:18.166000 2015-09-03 14:47:20.032000
Active duration:	9:05:52.026000
Active ratio:		5.45%
Tab duration:		2 days, 8:12:55.176000
Max number of tabs:	16
Max number of windows:	2
Average number of tabs:	6.17901243728
Number of searches:	73
1 search every:		448.657890411 seconds
--------------------------------------------
Active % / Tab count
###############################################################################
                                                                       0.01  16
                                                                        0.0  15
                                                                       0.08  14
                                                                        0.0  13
                                                                       0.01  12
████████████████                                                       9.47  11
██                                                                     1.17  10
█████████████████                                                     10.07  9 
██                                                                      1.6  8 
█████                                                                  3.38  7 
███████████████████████████████████                                   20.63  6 
████████████████████████████████████████████████████████████████████   39.7  5 
██████████████████                                                    10.75  4 
████                                                                   2.51  3 
                                                                       0.17  2 
                                                                       0.46  1 
--------------------------------------------
Active % / Tab count
###############################################################################
██                                                                      2.83  2
█████████████████████████████████████████████████████████████████████  97.17  1
--------------------------------------------
Active % / Domain
#######################################################################################################
██████████████████████████████████████████████████  32.76  U2FsdGVkX18LqDLWFq1eIrNllCexUOBHhxyrhR8YsA8=
████████████████                                    10.95  U2FsdGVkX18TNdLC+68Im4lLVgK6+qil4PTOFdqQWto=
████████████                                         7.88  U2FsdGVkX1/U0oNnChtExwIjq5ff7Lb41XKfecwiUP8=
███████████                                          7.48  U2FsdGVkX1/QRF2vS0QPzmuv80MMVS9w2U3pLFqfKoo=
████████                                             5.76  U2FsdGVkX18P9QOlAnp6V2VqjRy+dHbvNW43hgBFx90=
█████                                                3.68  U2FsdGVkX1+dCIVS4BAwRTQnz+oCo4PBeWG25C7jS98=
█████                                                3.63  U2FsdGVkX19q5t2L2fGBYrsftuNCtpwU8lMmUqbf+qQ=
█████                                                3.33  U2FsdGVkX18liZTjrRE0a8/tB8CtSSgy3cJWtPLfyt0=
███                                                  2.45  U2FsdGVkX1+luqU3L8j2tVTL3bqOMuNH+KNMADuhZzw=
██                                                   1.89  U2FsdGVkX1896UBMh4CmY9eZmJmhTOWUbGYP+AIozK8=
█                                                    1.27  U2FsdGVkX1+2V/VYLqZu6AzUcIbB7qHFEVxldw3MxEU=
--------------------------------------------
Direct branching count / Domain
#####################################################################################################
██████████████████████████████████████████████████  1.0  U2FsdGVkX19ihtIHEjNanpQb+STvjV7INoSER4W4YMs=
██████████████████████████████████████████████████  1.0  U2FsdGVkX1+TUz1GIIPE5yPOoP2QNXozOdD4S9CL+PU=
██████████████████████████████████████████████████  1.0  U2FsdGVkX19nnuy85iDj49iJ9YMAJA0+lnh5gq3WVV0=
██████████████████████████████████████████████████  1.0  U2FsdGVkX183LAHt5B5FMvuW0FwcXxlX6gjVQDU/J7Y=
██████████████████████████████████████████████████  1.0  U2FsdGVkX18XfR1Ra1UeGbUZQ7o/CaUC421vZ4y89Gc=
██████████████████████████████████████████████████  1.0  U2FsdGVkX184xUEriONJsy8VHa27zBM8GkRV9pb/VS8=
██████████████████████████████████████████████████  1.0  U2FsdGVkX1+/GJBv1XkPqXU6AOywzrkN9xCNYaz+Ew4=
██████████████████████████████████████████████████  1.0  U2FsdGVkX1/RFJ+qhDQwrtPPfqChHnBePNHM9Dye4ok=
██████████████████████████████████████████████████  1.0  U2FsdGVkX18TJstD0utsVv2hMm9b6iJlynkvFrPI1a8=
██████████████████████████████████████████████████  1.0  U2FsdGVkX1/ONLr09G9t26Lvd0wZlZIFDVrNRDZ+yMk=
██████████████████████████████████████████████████  1.0  U2FsdGVkX1+x1+RcP8WBjyWlVfFIY9Zc6T/WpuqFSNQ=
--------------------------------------------
Indirect branching count / Domain
#####################################################################################################
██████████████████████████████████████████████████  1.0  U2FsdGVkX19ihtIHEjNanpQb+STvjV7INoSER4W4YMs=
██████████████████████████████████████████████████  1.0  U2FsdGVkX1+TUz1GIIPE5yPOoP2QNXozOdD4S9CL+PU=
██████████████████████████████████████████████████  1.0  U2FsdGVkX19nnuy85iDj49iJ9YMAJA0+lnh5gq3WVV0=
██████████████████████████████████████████████████  1.0  U2FsdGVkX183LAHt5B5FMvuW0FwcXxlX6gjVQDU/J7Y=
██████████████████████████████████████████████████  1.0  U2FsdGVkX18XfR1Ra1UeGbUZQ7o/CaUC421vZ4y89Gc=
██████████████████████████████████████████████████  1.0  U2FsdGVkX184xUEriONJsy8VHa27zBM8GkRV9pb/VS8=
██████████████████████████████████████████████████  1.0  U2FsdGVkX1+/GJBv1XkPqXU6AOywzrkN9xCNYaz+Ew4=
██████████████████████████████████████████████████  1.0  U2FsdGVkX1/RFJ+qhDQwrtPPfqChHnBePNHM9Dye4ok=
██████████████████████████████████████████████████  1.0  U2FsdGVkX18TJstD0utsVv2hMm9b6iJlynkvFrPI1a8=
██████████████████████████████████████████████████  1.0  U2FsdGVkX1/ONLr09G9t26Lvd0wZlZIFDVrNRDZ+yMk=
██████████████████████████████████████████████████  1.0  U2FsdGVkX1+x1+RcP8WBjyWlVfFIY9Zc6T/WpuqFSNQ=
--------------------------------------------
