--------------------------------------------
Log duration:		1 day, 1:22:08.878000 2015-09-04 19:18:12.244000 2015-09-03 17:56:03.366000
Active duration:	0:02:58.803000
Active ratio:		0.20%
Tab duration:		0:08:56.750000
Max number of tabs:	7
Max number of windows:	1
Average number of tabs:	3.00190712684
Number of searches:	0
--------------------------------------------
Active % / Tab count
###############################################################################
                                                                         0.0  7
                                                                         0.0  6
                                                                         0.0  5
                                                                        1.02  4
█████████████████████████████████████████████████████████████████████  98.15  3
                                                                        0.83  2
                                                                         0.0  1
--------------------------------------------
Active % / Tab count
###############################################################################
█████████████████████████████████████████████████████████████████████  100.0  1
--------------------------------------------
Active % / Domain
###########################################################################################################################
██████████████████████████████████████████████████  97.74  U2FsdGVkX1+BaQ+hlhdt2hK9gi31fHEa49cz+9g+ITd022kssErxksm0xokc2Y+z
                                                     1.02  U2FsdGVkX1/ki8MJcP9qD7RTkDh7BeIMo6LV7HD6/Bg=                    
                                                     0.45  U2FsdGVkX19wB6miQXIBPN9mh+g7qaOzW3b0Gv1zzWKehomXObOi4wZq9yC2Mc3A
                                                      0.4  U2FsdGVkX19iIGXTHk2mYQST3wl/6ko0nQ+bAwOXRxM=                    
                                                     0.38  U2FsdGVkX19cAT+SEu18LJip8QXqS+phqxuk74ZvNz0=                    
                                                      0.0  U2FsdGVkX180vjCj0dLrOT2WnwKss3hLzSCErlaEBmg=                    
--------------------------------------------
Direct branching count / Domain
#########################################################################################################################
██████████████████████████████████████████████████  2.0  U2FsdGVkX187N3XalP6DjY3i9fRLzpwOWjds9iE+rSI=                    
██████████████████████████████████████████████████  2.0  U2FsdGVkX1/5J6YI+ZfY2BRwjYGdPNdfPgiUc5uXiEA=                    
██████████████████████████████████████████████████  2.0  U2FsdGVkX18ih7mmyAG6fkkd9Kg9luFqXpjsWTO4H64=                    
█████████████████████████                           1.0  U2FsdGVkX1934Mn2xiK/V4taJezVNT4rgDte+GVByPs=                    
█████████████████████████                           1.0  U2FsdGVkX19Y2xnDTSi4mCieODyHO6YCg4ZzsLMUfBI=                    
█████████████████████████                           1.0  U2FsdGVkX18cm8Um8BOCJCFCz9P/bw4xQCWLkN2KTtVfIMa2EFV8a7Fz2Fp9Iiuw
█████████████████████████                           1.0  U2FsdGVkX18x471gmtW+oPHsXqKtdsUTZgkqjpvBStg=                    
█████████████████████████                           1.0  U2FsdGVkX1/vl5PPVdoY1DMRiUZL8JyYMbD/9P7BVBQ=                    
█████████████████████████                           1.0  U2FsdGVkX1+dOqh0bx2Pozts9tfB3PSRwFZcsTNmqkg=                    
█████████████████████████                           1.0  U2FsdGVkX1/XHxs4LEANKDN/s2trTebLeztTTZVToZI=                    
█████████████████████████                           1.0  U2FsdGVkX19s4fHKW0wbrbrPTP3GtduDsnt0K+8h9Ww=                    
--------------------------------------------
Indirect branching count / Domain
#########################################################################################################################
██████████████████████████████████████████████████  2.0  U2FsdGVkX187N3XalP6DjY3i9fRLzpwOWjds9iE+rSI=                    
██████████████████████████████████████████████████  2.0  U2FsdGVkX1/5J6YI+ZfY2BRwjYGdPNdfPgiUc5uXiEA=                    
██████████████████████████████████████████████████  2.0  U2FsdGVkX18ih7mmyAG6fkkd9Kg9luFqXpjsWTO4H64=                    
█████████████████████████                           1.0  U2FsdGVkX1934Mn2xiK/V4taJezVNT4rgDte+GVByPs=                    
█████████████████████████                           1.0  U2FsdGVkX19Y2xnDTSi4mCieODyHO6YCg4ZzsLMUfBI=                    
█████████████████████████                           1.0  U2FsdGVkX18cm8Um8BOCJCFCz9P/bw4xQCWLkN2KTtVfIMa2EFV8a7Fz2Fp9Iiuw
█████████████████████████                           1.0  U2FsdGVkX18x471gmtW+oPHsXqKtdsUTZgkqjpvBStg=                    
█████████████████████████                           1.0  U2FsdGVkX1/vl5PPVdoY1DMRiUZL8JyYMbD/9P7BVBQ=                    
█████████████████████████                           1.0  U2FsdGVkX1+dOqh0bx2Pozts9tfB3PSRwFZcsTNmqkg=                    
█████████████████████████                           1.0  U2FsdGVkX1/XHxs4LEANKDN/s2trTebLeztTTZVToZI=                    
█████████████████████████                           1.0  U2FsdGVkX19s4fHKW0wbrbrPTP3GtduDsnt0K+8h9Ww=                    
--------------------------------------------
