--------------------------------------------
Log duration:		5 days, 7:13:27.886000 2015-09-10 01:24:31.772000 2015-09-04 18:11:03.886000
Active duration:	3:05:18.557000
Active ratio:		2.43%
Tab duration:		3 days, 19:30:41.213000
Max number of tabs:	63
Max number of windows:	11
Average number of tabs:	29.6298533164
Number of searches:	258
1 search every:		43.0951821705 seconds
--------------------------------------------
Active % / Tab count
###############################################################################
                                                                        0.0  63
                                                                        0.0  62
                                                                        0.0  61
█                                                                       0.5  60
                                                                       0.21  59
                                                                        0.0  58
                                                                        0.0  57
                                                                        0.0  56
                                                                        0.0  55
                                                                       0.05  54
████████████████████████████████████████████████████████████████████   20.7  53
████████████                                                           3.68  52
                                                                        0.1  51
██████                                                                 1.95  50
                                                                       0.03  49
                                                                        0.1  48
                                                                       0.04  47
                                                                       0.02  46
                                                                        0.0  45
                                                                       0.01  44
█                                                                      0.49  43
█                                                                      0.44  42
█████████                                                              2.93  41
                                                                       0.06  40
█                                                                      0.49  39
                                                                       0.15  38
                                                                       0.03  37
██                                                                     0.62  36
█                                                                      0.53  35
                                                                       0.02  34
                                                                       0.01  33
███████                                                                 2.2  32
████                                                                   1.27  31
                                                                       0.21  30
███████████████                                                        4.69  29
█████                                                                  1.59  28
█                                                                      0.39  27
███                                                                    1.04  26
█████████████                                                          3.98  25
████████████                                                            3.7  24
███                                                                     1.0  23
██                                                                     0.85  22
██████████████                                                         4.49  21
██                                                                     0.85  20
████████                                                               2.45  19
████                                                                   1.33  18
█                                                                      0.53  17
█████████████████████████████████████████████████████                 16.22  16
██████████████████████                                                 6.74  15
                                                                       0.13  14
██████████████████████████████████████████                             13.0  13
                                                                        0.0  12
                                                                       0.03  11
                                                                       0.15  10
                                                                       0.01  9 
--------------------------------------------
Active % / Tab count
###############################################################################
                                                                        0.0  11
                                                                       0.16  10
                                                                       0.01  9 
                                                                       0.45  8 
████                                                                   2.54  7 
███████████████████████████████████████████████████████████            34.7  6 
███████                                                                4.23  5 
███████████████                                                        8.82  4 
████████████████████████████████████████████████████████████████████  39.56  3 
██████                                                                 3.57  2 
██████████                                                             5.96  1 
--------------------------------------------
Active % / Domain
###########################################################################################################################
██████████████████████████████████████████████████  15.98  U2FsdGVkX1+P93yNcLfrpyX+Uzo0WSLvBPoO73gHRck=                    
██████████████████████████████████████████          13.46  U2FsdGVkX19mM7SW9VbFG+iaYJ06uaGsPRcdeZts6uw=                    
████████████████████████████████████████            12.93  U2FsdGVkX18O4FH552TuGAXQNyiEQ7k5DANjEDSPi/A=                    
█████████████████                                    5.59  U2FsdGVkX19VR1h8LfWTcDd8ovqqgnt8gBwQuBQjuL4=                    
███████████                                          3.67  U2FsdGVkX1+JJ5D5tLkJQwYVh0fac/Jc5nnvaFeX8r8=                    
██████████                                           3.29  U2FsdGVkX1/6ET5OUnTs0UObNWBqFqutnTZMzRhzb+k=                    
█████████                                            3.16  U2FsdGVkX1+hj473xaOfwuW8ENMm5AM5NgsuHSXBpkw=                    
█████████                                            3.05  U2FsdGVkX1+Q1rS65RTs48Gl4pCGDAh+XRsex4HpiFY=                    
████████                                             2.69  U2FsdGVkX18iBYe/FC9liUhoM7rGuiHnUXr10rm3yuN6Q/TY0elpVmNhlefEf7Mo
███████                                              2.47  U2FsdGVkX1+jlJDW/WbWUaXxY07EqhKnOeJD0t250z4=                    
██████                                               1.93  U2FsdGVkX1/N9ApsPdw6UQ3wSxGXLeU4x98CmKVoqt8=                    
--------------------------------------------
Direct branching count / Domain
#########################################################################################################################
██████████████████████████████████████████████████  2.0  U2FsdGVkX1+1HLdAgUx8/dKJNrlaTwLA7AjqzQWll5MXS5E1WYV1Ff1UZSOjvTbE
██████████████████████████████████████████████████  2.0  U2FsdGVkX19nfQQFr7zkNK7dDbpzcLoVDHcwt0dD/rs=                    
██████████████████████████████████████████████████  2.0  U2FsdGVkX1+aaf6ROBk0l8S1AdA6x4hq3XQhIcBdIoAvutNd5E6AdNQHtkQy9NPT
█████████████████████████                           1.0  U2FsdGVkX18tMuR5KaRTQUXAdcI1FoHX7zEdE+g3AMI=                    
█████████████████████████                           1.0  U2FsdGVkX1/+PLNTtRtBwXmW0+x/af4rgJORc696RNU=                    
█████████████████████████                           1.0  U2FsdGVkX1+4zQ8YsGYMThqoOapeVn8JsyoIkpicu2M=                    
█████████████████████████                           1.0  U2FsdGVkX18iT8b+nPHJuuogZqDgarZFjY01mTWKm1o=                    
█████████████████████████                           1.0  U2FsdGVkX1/NnneWlrW0FNS0T7Rb4+lVpf6bWngehjY=                    
█████████████████████████                           1.0  U2FsdGVkX1+w3E/SWt9dmTv7UsSNNUK93yGNmaEpkIQ=                    
█████████████████████████                           1.0  U2FsdGVkX18tqAk5k8tRQHC9xEViG9/X9RNV4PGHUwfpCuykTfpwIeIK0mEKQmnm
█████████████████████████                           1.0  U2FsdGVkX19O8AFzremhniBrY4jlXqEALcFKj9tTUqM=                    
--------------------------------------------
Indirect branching count / Domain
#########################################################################################################################
██████████████████████████████████████████████████  2.0  U2FsdGVkX1+1HLdAgUx8/dKJNrlaTwLA7AjqzQWll5MXS5E1WYV1Ff1UZSOjvTbE
██████████████████████████████████████████████████  2.0  U2FsdGVkX19nfQQFr7zkNK7dDbpzcLoVDHcwt0dD/rs=                    
██████████████████████████████████████████████████  2.0  U2FsdGVkX1+aaf6ROBk0l8S1AdA6x4hq3XQhIcBdIoAvutNd5E6AdNQHtkQy9NPT
█████████████████████████                           1.0  U2FsdGVkX18tMuR5KaRTQUXAdcI1FoHX7zEdE+g3AMI=                    
█████████████████████████                           1.0  U2FsdGVkX1/+PLNTtRtBwXmW0+x/af4rgJORc696RNU=                    
█████████████████████████                           1.0  U2FsdGVkX1+4zQ8YsGYMThqoOapeVn8JsyoIkpicu2M=                    
█████████████████████████                           1.0  U2FsdGVkX18iT8b+nPHJuuogZqDgarZFjY01mTWKm1o=                    
█████████████████████████                           1.0  U2FsdGVkX1/NnneWlrW0FNS0T7Rb4+lVpf6bWngehjY=                    
█████████████████████████                           1.0  U2FsdGVkX1+w3E/SWt9dmTv7UsSNNUK93yGNmaEpkIQ=                    
█████████████████████████                           1.0  U2FsdGVkX18tqAk5k8tRQHC9xEViG9/X9RNV4PGHUwfpCuykTfpwIeIK0mEKQmnm
█████████████████████████                           1.0  U2FsdGVkX19O8AFzremhniBrY4jlXqEALcFKj9tTUqM=                    
--------------------------------------------
