--------------------------------------------
Log duration:		6 days, 13:37:20.090000 2015-09-10 05:17:21.033000 2015-09-03 15:40:00.943000
Active duration:	7:36:36.270000
Active ratio:		4.83%
Tab duration:		4 days, 4:06:52.199000
Max number of tabs:	47
Max number of windows:	4
Average number of tabs:	13.1555207698
Number of searches:	90
1 search every:		304.403 seconds
--------------------------------------------
Active % / Tab count
###############################################################################
                                                                        0.0  47
                                                                        0.0  46
                                                                        0.0  45
█████████████                                                          3.96  44
███████████████████                                                    5.83  43
████                                                                   1.33  42
                                                                       0.02  41
                                                                       0.01  40
                                                                       0.17  39
██████████                                                             3.09  38
                                                                        0.0  37
                                                                       0.01  36
                                                                       0.04  35
                                                                       0.04  34
                                                                       0.03  33
                                                                       0.03  32
                                                                       0.13  31
                                                                       0.27  30
                                                                        0.0  29
                                                                        0.0  28
                                                                        0.0  27
                                                                        0.0  26
                                                                        0.0  25
                                                                        0.0  24
                                                                        0.0  23
                                                                        0.0  22
                                                                        0.0  21
                                                                        0.0  20
                                                                        0.1  19
                                                                        0.0  18
                                                                        0.0  17
                                                                        0.0  16
                                                                       0.09  15
                                                                        0.0  14
████████████████████████████████                                       9.81  13
███████████████                                                        4.79  12
███████                                                                2.36  11
████████████████████████████████████████████████████████████████████  20.63  10
███████                                                                2.27  9 
                                                                       0.08  8 
██████████████████████                                                 6.81  7 
████████████████████████████████████████████████████                  16.04  6 
████████████████████████████████████████████████████████████          18.45  5 
███████████                                                            3.61  4 
--------------------------------------------
Active % / Tab count
###############################################################################
██████                                                                  8.42  4
███                                                                     4.59  3
██████████████████████████████████████████████████████████████████████  87.0  2
--------------------------------------------
Active % / Domain
###########################################################################################################################
██████████████████████████████████████████████████  20.57  U2FsdGVkX1/cbRJZp58dVd4xutupa+P3thvs5vxeTCI=                    
███████████████████████████████████████████         18.09  U2FsdGVkX1+EO53kAROOjqTBvu9VEhmUF+01WTV71cKKUBp3w08YUflL6oLNotj9
███████████████████████████████████                 14.43  U2FsdGVkX18wNm3ghjJpKQmfqoSQ5wzlLw75o5wC462oPgYjcx78j1JvWhHKUZ33
████████████████████                                 8.39  U2FsdGVkX1+D6/HvMHL1zQXLNadoceQDzT6RKfrDcBU=                    
███████████                                          4.64  U2FsdGVkX19IRwi1iv2KJjAWTMxcddWwXqorUQJSK6dP7npXT7WTwHkl8bhY5pxg
██████████                                           4.41  U2FsdGVkX1/Lag8kZZeWk67xEBOH77TVAnDygdx2EYqlOHP7v/RquVmbxeyNsag+
█████████                                            3.93  U2FsdGVkX1/1UM9aTLcLPX++AHRQPY99XYcgEk/T4xw=                    
██████                                                2.8  U2FsdGVkX1/+54pDvU2y8nL6M8IyrZXSpUbVqL06EXM=                    
█████                                                2.35  U2FsdGVkX18yWQAfMXUIiUn+MrMQw5ci8IoXGfR2cc4=                    
█████                                                2.21  U2FsdGVkX18iESZTf+GmSlIBjTPm6QBFHfFtFOVi5m0=                    
█████                                                2.15  U2FsdGVkX1/CZzFn1pyTa2862JpFnKW2B5NFCnPTT+M=                    
--------------------------------------------
Direct branching count / Domain
#####################################################################################################
██████████████████████████████████████████████████  1.0  U2FsdGVkX1/lKQ0byVaSSAvs12IZgQsY9ZmmQNCXZcA=
██████████████████████████████████████████████████  1.0  U2FsdGVkX1/+/hllEZNVwH5KwpLI/7lFpIcPxyPliWc=
██████████████████████████████████████████████████  1.0  U2FsdGVkX1+0+P/xqpWTgX04+NfMZZDl0PiYuOZjbY8=
██████████████████████████████████████████████████  1.0  U2FsdGVkX1+MINVY/DiOXqWKRFtj4uP575LwKnBpbuM=
██████████████████████████████████████████████████  1.0  U2FsdGVkX1/nG4Sy2sajifo25UD1WPZHPhywHLEka+Y=
██████████████████████████████████████████████████  1.0  U2FsdGVkX1/9Be9bOZKs4+2Z4eBLQLzbTbsKWHKnoVY=
██████████████████████████████████████████████████  1.0  U2FsdGVkX1/Qt36a4Bun5K/3jqvvLvxTNPxwBuDbkJQ=
██████████████████████████████████████████████████  1.0  U2FsdGVkX1+54KLKQWLS1yYk+tGtWaTHH+VTa99Nixc=
██████████████████████████████████████████████████  1.0  U2FsdGVkX1+Aw/OIuKLjTipmDuZDELQeZ8OA55n5N1w=
██████████████████████████████████████████████████  1.0  U2FsdGVkX19m6vzPWet50IA/Qd4IUDYo15anSC0pUJQ=
██████████████████████████████████████████████████  1.0  U2FsdGVkX19mIweYlEvQ1CzIkvldmkC6J52Ow+Rla6g=
--------------------------------------------
Indirect branching count / Domain
#####################################################################################################
██████████████████████████████████████████████████  1.0  U2FsdGVkX1/lKQ0byVaSSAvs12IZgQsY9ZmmQNCXZcA=
██████████████████████████████████████████████████  1.0  U2FsdGVkX1/+/hllEZNVwH5KwpLI/7lFpIcPxyPliWc=
██████████████████████████████████████████████████  1.0  U2FsdGVkX1+0+P/xqpWTgX04+NfMZZDl0PiYuOZjbY8=
██████████████████████████████████████████████████  1.0  U2FsdGVkX1+MINVY/DiOXqWKRFtj4uP575LwKnBpbuM=
██████████████████████████████████████████████████  1.0  U2FsdGVkX1/nG4Sy2sajifo25UD1WPZHPhywHLEka+Y=
██████████████████████████████████████████████████  1.0  U2FsdGVkX1/9Be9bOZKs4+2Z4eBLQLzbTbsKWHKnoVY=
██████████████████████████████████████████████████  1.0  U2FsdGVkX1/Qt36a4Bun5K/3jqvvLvxTNPxwBuDbkJQ=
██████████████████████████████████████████████████  1.0  U2FsdGVkX1+54KLKQWLS1yYk+tGtWaTHH+VTa99Nixc=
██████████████████████████████████████████████████  1.0  U2FsdGVkX1+Aw/OIuKLjTipmDuZDELQeZ8OA55n5N1w=
██████████████████████████████████████████████████  1.0  U2FsdGVkX19m6vzPWet50IA/Qd4IUDYo15anSC0pUJQ=
██████████████████████████████████████████████████  1.0  U2FsdGVkX19mIweYlEvQ1CzIkvldmkC6J52Ow+Rla6g=
--------------------------------------------
