--------------------------------------------
Log duration:		6 days, 23:11:57.712000 2015-09-10 14:10:36.005000 2015-09-03 14:58:38.293000
Active duration:	1:27:47.135000
Active ratio:		0.88%
Tab duration:		6:14:49.273000
Max number of tabs:	12
Max number of windows:	2
Average number of tabs:	4.26973544441
Number of searches:	10
1 search every:		526.7135 seconds
--------------------------------------------
Active % / Tab count
###############################################################################
█                                                                       0.7  12
███████████████                                                        8.17  11
                                                                       0.07  10
█                                                                      0.77  9 
████████                                                               4.75  8 
███████████████████                                                   10.65  7 
███████████                                                             6.2  6 
█                                                                      0.55  5 
██                                                                     1.22  4 
███████████████████████████████████████████████████████               29.92  3 
████████████████████████████████████████████████████████████████████   36.9  2 
                                                                       0.09  1 
--------------------------------------------
Active % / Tab count
###############################################################################
                                                                        0.14  2
█████████████████████████████████████████████████████████████████████  99.86  1
--------------------------------------------
Active % / Domain
#######################################################################################################
██████████████████████████████████████████████████  35.67  U2FsdGVkX1/myDKx/+jT5RS/JlG1PjcyB6SIZY6xGzc=
█████████████████████                               15.35  U2FsdGVkX1+v4+GRp3Ip2g9aAsbfn5jJ2DlncKcNSrk=
██████████████                                      10.04  U2FsdGVkX1+YbmI70VjLf5XQSi2u0YM7b5MxnuklvwE=
████████                                              6.1  U2FsdGVkX18q2gSvIuzM2GDEGkwa4By/V6Ha+cIFvfo=
███████                                              5.69  U2FsdGVkX19RGgdpCNFb+Mjrgt4gHpEU6sItQ7KXnTs=
███████                                              5.49  U2FsdGVkX19X4FSzKT2AgMisQdN8Rds+j6X2BFE5ku8=
█████                                                3.97  U2FsdGVkX19DHojWRDLQzV/jBceK8MY44ASI+YPxRD4=
███                                                  2.37  U2FsdGVkX19vDo0JkDY4YFbFPrHXrYKfSbqn6EUX8Oc=
██                                                    2.1  U2FsdGVkX1/4nTgG3IvGHHdNNQqbOE1DCevi8p7F0aw=
██                                                   1.64  U2FsdGVkX18wxUaZ2t2PRWwXebnRTh7Y703Fv8AdoTQ=
█                                                    1.17  U2FsdGVkX18qOb3d4cVlP5lYKXMNxIyVDOx7Szt4HRQ=
--------------------------------------------
Direct branching count / Domain
#####################################################################################################
██████████████████████████████████████████████████  2.0  U2FsdGVkX18tXWYwATzr5SAJRX9fBe6CF5NOGZ4Q0Ko=
██████████████████████████████████████████████████  2.0  U2FsdGVkX1+GQHbNRQEXQkjRAx9vNiT+Ix7jBX28ud4=
█████████████████████████                           1.0  U2FsdGVkX18tAXikri/pzvBQKnFoPYjqDu5SQKXY1Ro=
█████████████████████████                           1.0  U2FsdGVkX18w1pfDxLU7a9Ry+yTQJp3MBD2mRK/4VZo=
█████████████████████████                           1.0  U2FsdGVkX19Da1Gcfl9GAYL4K51Z3FyxVDZukAFAT0k=
█████████████████████████                           1.0  U2FsdGVkX1/xE0bj7vPZ1eISVyjjBpUtlX4hpc9Rymk=
█████████████████████████                           1.0  U2FsdGVkX1/aLxcnyw+Po1TXjgQLRm5TutwMXroMJao=
█████████████████████████                           1.0  U2FsdGVkX18US1yPR9bASwyy/u8RfvvFdhH4tFdAiPM=
█████████████████████████                           1.0  U2FsdGVkX19TMHO3FQXeOwlO7QCAxUJRQeMfwmY4VL8=
█████████████████████████                           1.0  U2FsdGVkX18wNJDwAT2cqlXob38TR1Wqo/4+Ve2HXGM=
█████████████████████████                           1.0  U2FsdGVkX1+nJRklEpZzPvX92HyY8ZpJ6JHo9GKB6aw=
--------------------------------------------
Indirect branching count / Domain
#####################################################################################################
██████████████████████████████████████████████████  2.0  U2FsdGVkX18tXWYwATzr5SAJRX9fBe6CF5NOGZ4Q0Ko=
██████████████████████████████████████████████████  2.0  U2FsdGVkX1+GQHbNRQEXQkjRAx9vNiT+Ix7jBX28ud4=
█████████████████████████                           1.0  U2FsdGVkX18tAXikri/pzvBQKnFoPYjqDu5SQKXY1Ro=
█████████████████████████                           1.0  U2FsdGVkX18w1pfDxLU7a9Ry+yTQJp3MBD2mRK/4VZo=
█████████████████████████                           1.0  U2FsdGVkX19Da1Gcfl9GAYL4K51Z3FyxVDZukAFAT0k=
█████████████████████████                           1.0  U2FsdGVkX1/xE0bj7vPZ1eISVyjjBpUtlX4hpc9Rymk=
█████████████████████████                           1.0  U2FsdGVkX1/aLxcnyw+Po1TXjgQLRm5TutwMXroMJao=
█████████████████████████                           1.0  U2FsdGVkX18US1yPR9bASwyy/u8RfvvFdhH4tFdAiPM=
█████████████████████████                           1.0  U2FsdGVkX19TMHO3FQXeOwlO7QCAxUJRQeMfwmY4VL8=
█████████████████████████                           1.0  U2FsdGVkX18wNJDwAT2cqlXob38TR1Wqo/4+Ve2HXGM=
█████████████████████████                           1.0  U2FsdGVkX1+nJRklEpZzPvX92HyY8ZpJ6JHo9GKB6aw=
--------------------------------------------
