--------------------------------------------
Log duration:		6 days, 21:45:09.090000 2015-09-10 14:45:42.822000 2015-09-03 17:00:33.732000
Active duration:	4:12:21.693000
Active ratio:		2.54%
Tab duration:		1 day, 2:48:11.615000
Max number of tabs:	16
Max number of windows:	3
Average number of tabs:	6.37257768996
Number of searches:	168
1 search every:		90.129125 seconds
--------------------------------------------
Active % / Tab count
###############################################################################
                                                                        0.0  16
                                                                       0.06  15
                                                                       0.02  14
████                                                                   1.36  13
                                                                       0.01  12
██████████████████████████████████████████████████                    15.16  11
                                                                       0.22  10
██████████████████                                                     5.52  9 
████████                                                               2.65  8 
████████████████████████████████████                                  10.86  7 
███████████████████████████████████████████████████████████████████    20.1  6 
████████████████████████████████████████████████████                  15.79  5 
████████████████████████████████████████████████████████████████████   20.4  4 
███████████████████                                                    5.99  3 
█████                                                                  1.53  2 
█                                                                      0.34  1 
--------------------------------------------
Active % / Tab count
###############################################################################
█                                                                       1.04  3
██████████████████████████████████████████                             37.62  2
█████████████████████████████████████████████████████████████████████  61.34  1
--------------------------------------------
Active % / Domain
###########################################################################################################################
██████████████████████████████████████████████████  15.06  U2FsdGVkX19LHeV8dXf1dCCk5z+TEh4PgWdyJWMBo1U=                    
████████████████████████████████████████            12.32  U2FsdGVkX1/l0fst+2GOw7ToTXZjFoWxH7luc8Dy3ZI=                    
███████████████████████████████████████             11.79  U2FsdGVkX196xd0d4FSLoFxFpCtF1MLFU83ut9jqm+U=                    
██████████████████████                               6.74  U2FsdGVkX1+Jm0wJj8uAaXQigm4bD5fgUz/ZgVhf0GU=                    
██████████████████                                   5.62  U2FsdGVkX19NMmKz325t73nOrz82opmjnZUgVJBgdrc=                    
████████████████                                     4.84  U2FsdGVkX1929kHbhRV0rPcQnTEB0gaJ5snzgN0sP0k=                    
████████                                             2.62  U2FsdGVkX1+nVCLqASAn1gqqFdTe4d1wGlbfRq1Aq0U=                    
███████                                              2.25  U2FsdGVkX18A6HpT8VMvM/RHdJgoN/6SDeb5jnvwkWj+j2yWOksijAxykWXOXGkx
███████                                              2.23  U2FsdGVkX1+odJzsHTWke1XAGXwJPowg+PtJMBRgDr4=                    
██████                                               2.06  U2FsdGVkX194BDUWzI4pL+zqdFEn0NPk0dTMGFbQip8=                    
█████                                                1.56  U2FsdGVkX180CoY2THlwZTz+RNxTky7+8/uZOz+gvOU=                    
--------------------------------------------
Direct branching count / Domain
#########################################################################################################################
██████████████████████████████████████████████████  1.0  U2FsdGVkX18Y1E93p4OWyKpDEZbOhB8uTrjNK+kT12I=                    
██████████████████████████████████████████████████  1.0  U2FsdGVkX18HQn0GSqLsFMocx08rmAAixr/krJJvYzc=                    
██████████████████████████████████████████████████  1.0  U2FsdGVkX1/sjt4dsam7B3fAtzAajWM3Wc6KdtQ/XNY=                    
██████████████████████████████████████████████████  1.0  U2FsdGVkX1+5ROjjQn83oeGV+VKGryZMZJ91Cch7ugQ=                    
██████████████████████████████████████████████████  1.0  U2FsdGVkX18NCn8tbb2gEeR/mPd84I0ddxjM8QEBN76EkBlmwcpG3wvRLfHRlhnJ
██████████████████████████████████████████████████  1.0  U2FsdGVkX18AVZ3AiiYmICK94rBbFHXbl18+aOl9HUM=                    
██████████████████████████████████████████████████  1.0  U2FsdGVkX194TpRzNkSxK/2YpEx/04Cl35EDIfNJ+M8=                    
██████████████████████████████████████████████████  1.0  U2FsdGVkX1/CywlQXGtOcvmzypFUdzi5kDQT/wcCkMI=                    
██████████████████████████████████████████████████  1.0  U2FsdGVkX18qHHLCA8WqzKJdFFBkAKILHHOLie4ZlSw=                    
██████████████████████████████████████████████████  1.0  U2FsdGVkX18llp+JbM3EGxIgXtFJMVv3U43eq78iWfQ=                    
██████████████████████████████████████████████████  1.0  U2FsdGVkX1+xsAynk2IvibGQMFQUqE/jAbE70q2rHEw=                    
--------------------------------------------
Indirect branching count / Domain
#########################################################################################################################
██████████████████████████████████████████████████  1.0  U2FsdGVkX18Y1E93p4OWyKpDEZbOhB8uTrjNK+kT12I=                    
██████████████████████████████████████████████████  1.0  U2FsdGVkX18HQn0GSqLsFMocx08rmAAixr/krJJvYzc=                    
██████████████████████████████████████████████████  1.0  U2FsdGVkX1/sjt4dsam7B3fAtzAajWM3Wc6KdtQ/XNY=                    
██████████████████████████████████████████████████  1.0  U2FsdGVkX1+5ROjjQn83oeGV+VKGryZMZJ91Cch7ugQ=                    
██████████████████████████████████████████████████  1.0  U2FsdGVkX18NCn8tbb2gEeR/mPd84I0ddxjM8QEBN76EkBlmwcpG3wvRLfHRlhnJ
██████████████████████████████████████████████████  1.0  U2FsdGVkX18AVZ3AiiYmICK94rBbFHXbl18+aOl9HUM=                    
██████████████████████████████████████████████████  1.0  U2FsdGVkX194TpRzNkSxK/2YpEx/04Cl35EDIfNJ+M8=                    
██████████████████████████████████████████████████  1.0  U2FsdGVkX1/CywlQXGtOcvmzypFUdzi5kDQT/wcCkMI=                    
██████████████████████████████████████████████████  1.0  U2FsdGVkX18qHHLCA8WqzKJdFFBkAKILHHOLie4ZlSw=                    
██████████████████████████████████████████████████  1.0  U2FsdGVkX18llp+JbM3EGxIgXtFJMVv3U43eq78iWfQ=                    
██████████████████████████████████████████████████  1.0  U2FsdGVkX1+xsAynk2IvibGQMFQUqE/jAbE70q2rHEw=                    
--------------------------------------------
