--------------------------------------------
Log duration:		2 days, 10:13:50.240000 2015-09-10 03:51:15.765000 2015-09-07 17:37:25.525000
Active duration:	0:02:54.646000
Active ratio:		0.08%
Tab duration:		0:20:14.856000
Max number of tabs:	9
Max number of windows:	4
Average number of tabs:	6.9561054934
Number of searches:	0
--------------------------------------------
Active % / Tab count
###############################################################################
█████████████████████████████████████████████████████████████████████  47.06  9
██                                                                       1.6  8
                                                                         0.0  7
█████                                                                   4.06  6
███████████████████████████████████████████████████████████████████    45.79  5
██                                                                      1.49  4
                                                                         0.0  2
                                                                         0.0  1
--------------------------------------------
Active % / Tab count
###############################################################################
██                                                                      2.82  4
█████████████████████████████████████████████████████████████████████  92.91  3
███                                                                     4.27  2
                                                                         0.0  1
--------------------------------------------
Active % / Domain
#######################################################################################################
██████████████████████████████████████████████████  46.24  U2FsdGVkX185JN/ka2FL0sterdrY307WnxNjCjcZkhI=
██████████████████████                              20.39  U2FsdGVkX1+sYw1SaXXL7C2/j0SY07no66cBo2PnruA=
██████                                               6.12  U2FsdGVkX18z37F7WO8MfMetrTzYPSe14gXWqoVwCIY=
██████                                               5.86  U2FsdGVkX1/v9QJgWrIM80DdYc2L5cGMv+FaVolTJDE=
█████                                                4.94  U2FsdGVkX199kHF1WfrOvURhYGHzK90B6b8kyfaGcKk=
██                                                   2.43  U2FsdGVkX1+DNW1EE/VvNYnb0Yf+QmVvwAs1eHj6I5g=
█                                                    1.84  U2FsdGVkX18J0W+RlSneDNl+DxPGmU3+8k6QP9xSl08=
█                                                    1.68  U2FsdGVkX18ZFjpn2ZxFNkUXYvYPLBetrqE4Zhv9mRI=
█                                                    1.57  U2FsdGVkX18yI/xhOV8mGAsT5Kp+lIRxnDNlORzP1RQ=
█                                                    1.56  U2FsdGVkX18B0yFoltdXN09V4CXBr5ACfAzyChTTJIc=
█                                                    1.51  U2FsdGVkX1/3V9v5G95SU4n+vS1c7ZNFSNqjlEsDawM=
--------------------------------------------
Direct branching count / Domain
#####################################################################################################
██████████████████████████████████████████████████  1.0  U2FsdGVkX1/wph6yD2nHWhqJQBEEr3xceeKfxocfU7Q=
██████████████████████████████████████████████████  1.0  U2FsdGVkX1/yJUQpbSpvLD9AdrEf2ERauybrMxfxit8=
██████████████████████████████████████████████████  1.0  U2FsdGVkX1/quBrQN6VoA+srU/ENVoigU4uf6ygrhPU=
██████████████████████████████████████████████████  1.0  U2FsdGVkX1+A7Npd9E75wY3qe4TQIvXeRnlWDl3vDQ4=
██████████████████████████████████████████████████  1.0  U2FsdGVkX1+FXL0jr4eRYYL2n5JDBPnBLiUT2NnEmIs=
--------------------------------------------
Indirect branching count / Domain
#####################################################################################################
██████████████████████████████████████████████████  1.0  U2FsdGVkX1/wph6yD2nHWhqJQBEEr3xceeKfxocfU7Q=
██████████████████████████████████████████████████  1.0  U2FsdGVkX1/yJUQpbSpvLD9AdrEf2ERauybrMxfxit8=
██████████████████████████████████████████████████  1.0  U2FsdGVkX1/quBrQN6VoA+srU/ENVoigU4uf6ygrhPU=
██████████████████████████████████████████████████  1.0  U2FsdGVkX1+A7Npd9E75wY3qe4TQIvXeRnlWDl3vDQ4=
██████████████████████████████████████████████████  1.0  U2FsdGVkX1+FXL0jr4eRYYL2n5JDBPnBLiUT2NnEmIs=
--------------------------------------------
