55e9bb604d2671bb084b1d53 	14 days, 0:08:53.965000 	1210133.965 	115 days, 2:24:34.070000 	9944674.07 	3.88128316622 	-4.17343692538 	-20.6131859084 	20.9053396675 	-15.9051569127 	
55e880ee4d2671bb08490409 	15 days, 0:10:59.881000 	1296659.881 	198 days, 5:26:06.991000 	17126766.991 	19.7433565138 	14.6146969504 	-31.0438129711 	-3.31424049303 	12.6824168442 	
55e8597e4d2671bb0848e96d 	11 days, 10:26:25.448000 	987985.448 	13 days, 6:45:09.249000 	1147509.249 	-9.95817712211 	44.9176969867 	-3.25314823231 	-31.7063716323 	-0.217454334467 	
55e869d04d2671bb0848e9be 	13 days, 4:02:10.697000 	1137730.697 	184 days, 12:24:02.102000 	15942242.102 	47.3085445229 	-4.33443843938 	-57.2480887026 	14.273982619 	-15.7165516075 	
55fa2d1c9d8bf78b0633e27a 	8:47:45.560000 	31665.56 	2 days, 20:53:25.749000 	248005.749 	-9.62814425024 	-7.26125071586 	56.7041759549 	-39.8147809888 	-1.16593742162 	
55e9b3c54d2671bb084b1315 	13 days, 23:58:05.787000 	1209485.787 	364 days, 20:48:21.715000 	31524501.715 	67.5434924976 	2.32960061871 	-31.7840797409 	-38.0890133754 	-157.017808848 	
55e9bbad4d2671bb084b1d69 	14 days, 1:51:03.724000 	1216263.724 	37 days, 19:03:49.806000 	3265429.806 	-5.39994766298 	14.4315499046 	-17.2952158536 	8.26361361204 	-4.96711743682 	
55e85d6e4d2671bb0848e978 	1 day, 10:30:14.611000 	124214.611 	5 days, 5:26:28.486000 	451588.486 	27.484473294 	-12.3929334438 	5.49423250813 	-20.5857723584 	-5.54028333723 	
55f2270a00823a5906ab727f 	8 days, 4:43:57.944000 	708237.944 	89 days, 15:43:33.864000 	7746213.864 	49.2440563411 	0.376677848256 	-65.4648322979 	15.8440981085 	1.5570566974 	
55e860934d2671bb0848e98a 	6 days, 9:27:53.836000 	552473.836 	9 days, 6:46:20.296000 	801980.296 	1.33399873609 	-39.8373492806 	-4.66991908179 	43.1732696263 	-7.06376544184 	
55e864da4d2671bb0848e9a2 	13 days, 3:31:31.334000 	1135891.334 	60 days, 18:19:39.224000 	5249979.224 	-12.4691120677 	-11.9566369494 	3.53826254704 	20.8874864701 	-9.4756471528 	
55e863274d2671bb0848e99a 	12 days, 0:30:17.281000 	1038617.281 	15 days, 4:21:03.836000 	1311663.836 	7.01136433977 	-54.0839012834 	57.830437955 	-10.7579010114 	-29.3740774316 	
55fc3801d1f5b51b7a46218b 	12:02:20.400000 	43340.4 	15:45:55.726000 	56755.726 	-5.42724446869 	-25.9607198047 	-14.5919902425 	45.979954516 	-1.66643089862 	
55fa214d9d8bf78b0631e497 	13 days, 11:24:14.286000 	1164254.286 	62 days, 19:37:09.247000 	5427429.247 	5.26336146057 	12.8811565022 	1.92446545047 	-20.0689834132 	-5.32773157011 	
55e883a54d2671bb084904f0 	14 days, 2:06:58.973000 	1217218.973 	692 days, 20:03:24.307000 	59861004.307 	-7.40723006886 	-1.48551681447 	1.14898720172 	7.74375968161 	-28.2143180714 	
55e8792d4d2671bb08490083 	12 days, 10:41:47.631000 	1075307.631 	32 days, 20:33:42.711000 	2838822.711 	17.8255573728 	9.43693427344 	-13.1563570395 	-14.1061346068 	-2.55543608612 	
55e859764d2671bb0848e96c 	12 days, 12:39:28.375000 	1082368.375 	28 days, 3:27:07.464000 	2431627.464 	7.18014489106 	-32.640492733 	2.18606088931 	23.2742869526 	-187.601567692 	
55e85aea4d2671bb0848e977 	14 days, 0:52:46.707000 	1212766.707 	29 days, 18:51:36.645000 	2573496.645 	-8.4958982049 	-6.47121985195 	11.3112187054 	3.65589935146 	-3.46684223283 	
55e9b2764d2671bb084b1301 	13 days, 23:26:40.384000 	1207600.384 	21 days, 14:12:38.659000 	1865558.659 	-1.8159473455 	44.1501907584 	-33.1858181562 	-9.14842525675 	1.04911529757 	
55e9ac7f4d2671bb084b118a 	11 days, 4:12:52.352000 	965572.352 	36 days, 14:15:59.536000 	3161759.536 	14.0869953003 	-10.2230305968 	1.33647992262 	-5.20044462618 	-2.88418624004 	
55f8989e15f91cc1760f38d3 	14 days, 0:34:26.991000 	1211666.991 	139 days, 18:10:14.956000 	12075014.956 	-2.99666543074 	-6.75739836084 	-9.34857086438 	19.102634656 	-7.8164638031 	
55e7508292a7514210d1290e 	2 days, 9:13:32.474000 	206012.474 	27 days, 17:08:40.310000 	2394520.31 	0.169682571552 	-7.16701557498 	14.6740431007 	-7.6767100973 	34.4714042942 	
55e88cc44d2671bb08491716 	12 days, 11:30:36.742000 	1078236.742 	100 days, 9:34:58.096000 	8674498.096 	41.4287858348 	-9.44408528465 	0.192392966827 	-32.177093517 	-2.80796326822 	
55eb2e0a2d3bfca706d195cc 	9 days, 3:49:50.554000 	791390.554 	74 days, 15:19:00.616000 	6448740.616 	0.403630269626 	-9.26883488457 	26.0953278515 	-17.2301232366 	0.296467710262 	
55f5c82700823a5906ba6780 	22:03:12.368000 	79392.368 	2 days, 20:13:15.493000 	245595.493 	22.4077296536 	-5.92785466049 	-12.0442883446 	-4.4355866485 	1.57516596448 	
55e9deb64d2671bb084b8723 	14 days, 13:55:54.222000 	1259754.222 	356 days, 8:22:25.351000 	30788545.351 	12.4713853791 	-2.21865504758 	-21.5017511765 	11.2490208449 	5.33854184513 	
55e87cae4d2671bb08490085 	15 days, 23:35:00.590000 	1380900.59 	77 days, 5:41:51.293000 	6673311.293 	-3.28552231527 	-0.0661528540346 	7.2792724213 	-3.92759725199 	3.19619254382 	
55e861764d2671bb0848e992 	14 days, 11:09:56.280000 	1249796.28 	7 days, 13:17:10.122000 	652630.122 	0.755954798971 	-25.2996598997 	67.4834681224 	-42.9397630217 	334.006443016 	
55e9b2894d2671bb084b130b 	13 days, 2:49:03.250000 	1133343.25 	80 days, 11:21:03.303000 	6952863.303 	49.0928834347 	-11.470502563 	-51.9442064672 	14.3218255956 	0.306415929715 	
55eef75a9eb0ddc5243056b2 	8 days, 1:48:08.332000 	697688.332 	39 days, 12:22:27.162000 	3414147.162 	12.4365819779 	19.9111185712 	7.88769567441 	-40.2353962235 	-6.51295989352 	
55f1891900823a5906a807dc 	8 days, 8:48:32.215000 	722912.215 	12 days, 13:57:34.692000 	1087054.692 	1.79526102978 	-35.9537774289 	-7.28972870145 	41.4482451005 	-6.21389582107 	
55e898e74d2671bb08492ea9 	13 days, 22:47:34.534000 	1205254.534 	39 days, 9:03:28.366000 	3402208.366 	10.9790204036 	-10.1772632557 	-47.6461314542 	46.8443743063 	-1.52780837064 	
55f757db00823a5906c1ee3e 	10 days, 4:15:12.136000 	879312.136 	81 days, 12:27:16.096000 	7043236.096 	1.36538413784 	-9.18502612109 	18.1035998603 	-10.283957877 	0.798514792065 	
55f43f8c00823a5906b44cb5 	11 days, 14:53:33.186000 	1004013.186 	54 days, 9:55:52.647000 	4701352.647 	10.7018663483 	17.1183969535 	9.1151146773 	-36.9353779792 	-5.34968274734 	
55e87c154d2671bb08490084 	11 days, 23:42:41.850000 	1035761.85 	122 days, 7:30:08.502000 	10567808.502 	-2.05199393508 	-6.46604118183 	-7.78945788814 	16.3074930051 	-8.43763127648 	
55e74f0b92a7514210d128f0 	13 days, 2:36:50.177000 	1132610.177 	114 days, 1:20:06.499000 	9854406.499 	-13.5633218734 	2.85187865157 	-7.99409495644 	18.7055381783 	-1.89761907239 	
55eb44ff2d3bfca706d1dd8c 	13 days, 19:18:29.128000 	1192709.128 	84 days, 12:18:32.086000 	7301912.086 	-3.1188708122 	-6.31697310588 	-13.4739665026 	22.9098104207 	3.26120264198 	
55e7426892a7514210d128a5 	1:45:41.031000 	6341.031 	7:34:50.326000 	27290.326 	-6.35312246428 	-14.3104661114 	9.34979095304 	11.3137976226 	1.81901445792 	
55e9b5c94d2671bb084b1341 	14 days, 3:08:48.003000 	1220928.003 	21 days, 17:25:02.553000 	1877102.553 	3.82109835659 	32.6875348124 	-5.69917137686 	-30.8094617921 	-2.72767462847 	
55f37fcd00823a5906b1bd56 	13 days, 23:31:34.106000 	1207894.106 	21 days, 7:10:06.765000 	1840206.765 	9.2869291966 	-31.9878090502 	-3.59042726812 	26.2913071217 	-5.17793018982 	
55e88b4c4d2671bb08491715 	14 days, 0:29:53.202000 	1211393.202 	74 days, 19:39:01.193000 	6464341.193 	5.21991193291 	-14.9507010316 	-42.8689632041 	52.5997523028 	-32.8665243183 	
55f82b4800823a5906c5b7f8 	13 days, 9:16:17.415000 	1156577.415 	62 days, 7:26:19.209000 	5383579.209 	5.19451603911 	12.896400891 	1.80533402467 	-19.8962509547 	-5.35475908974 	
55f3343200823a5906af4231 	8 days, 15:11:48.698000 	745908.698 	42 days, 2:20:57.565000 	3637257.565 	10.803927139 	18.3220187187 	9.14940944774 	-38.2753553054 	-6.13019920451 	
55ee51129eb0ddc5242f99d2 	8 days, 18:08:38.413000 	756518.413 	25 days, 16:28:14.466000 	2219294.466 	-22.6073123998 	76.5324383451 	-23.2684183605 	-30.6567075849 	-3.3758823507 	
55ee26ab9eb0ddc5242f0211 	9 days, 18:28:22.595000 	844102.595 	93 days, 10:53:30.708000 	8074410.708 	-5.72772308448 	76.9742502477 	-40.1690951859 	-31.0774319773 	-7.18299420653 	
55f8ad8615f91cc17610ad49 	13 days, 4:23:44.586000 	1139024.586 	16 days, 9:06:20.304000 	1415180.304 	7.18198250004 	-54.5686900513 	58.8987628698 	-11.5120553186 	-28.8253796319 	
55e76d16b58b97f12b107e41 	2:48:36.398000 	10116.398 	6:00:57.040000 	21657.04 	-7.80677476235 	-31.6838147483 	-19.6639878761 	59.1545773867 	98.068699268 	
55e8601c4d2671bb0848e980 	13 days, 23:35:31.401000 	1208131.401 	37 days, 0:17:10.386000 	3197830.386 	-0.718596432807 	46.9573475035 	-8.40332780552 	-37.8354232652 	-39.6637692655 	
55e9b2a24d2671bb084b130c 	14 days, 1:09:17.237000 	1213757.237 	61 days, 19:45:32.380000 	5341532.38 	17.6760060177 	-12.6181317868 	13.3836945997 	-18.4415688307 	1.35177589443 	
