55e9bb604d2671bb084b1d53 	14 days, 0:08:53.965000 	1210133.965 	13 days, 6:51:56.542000 	1147916.542 	105 days, 21:13:50.901000 	9148430.901 	4.78441302156 	-5.45969198562 	5.39482091067 	-4.71954194662 	0.195254025819 	
55e880ee4d2671bb08490409 	15 days, 0:10:59.881000 	1296659.881 	21 days, 1:21:53.263000 	1819313.263 	184 days, 15:59:40.244000 	15955180.244 	2.6122238391 	1.25398914007 	18.7960680802 	-22.6622810594 	2.35940253397 	
55e8597e4d2671bb0848e96d 	11 days, 10:26:25.448000 	987985.448 	18:32:33.309000 	66753.309 	13 days, 6:41:59.947000 	1147319.947 	-9.89798688884 	44.9167931252 	-3.25702343009 	-31.7617828062 	-0.214504815252 	
55e869d04d2671bb0848e9be 	13 days, 4:02:10.697000 	1137730.697 	105 days, 22:39:49.755000 	9153589.755 	100 days, 13:44:53.082000 	8689493.082 	10.7129234106 	-4.41580301644 	-10.1949696426 	3.89784924847 	-18.8076652363 	
55fa2d1c9d8bf78b0633e27a 	8:47:45.560000 	31665.56 	21:41:55.913000 	78115.913 	2 days, 7:44:10.907000 	200650.907 	-1.74374377976 	1.546296577 	27.5010150339 	-27.3035678312 	-2.24814586022 	
55e9b3c54d2671bb084b1315 	13 days, 23:58:05.787000 	1209485.787 	4 days, 6:07:30.814000 	367650.814 	362 days, 2:06:46.783000 	31284406.783 	20.0984223276 	8.41369558047 	7.16690071304 	-35.6790186212 	-160.36486343 	
55e9bbad4d2671bb084b1d69 	14 days, 1:51:03.724000 	1216263.724 	1 day, 9:02:49.282000 	118969.282 	37 days, 12:54:29.993000 	3243269.993 	-3.83373889423 	11.6235694389 	-15.4232006414 	7.63337009672 	-5.84515050649 	
55e85d6e4d2671bb0848e978 	1 day, 10:30:14.611000 	124214.611 	5:29:01.818000 	19741.818 	5 days, 0:42:45.407000 	434565.407 	-4.28066809497 	-19.8776171313 	6.18344205709 	17.9748431691 	-5.81947628423 	
55f2270a00823a5906ab727f 	8 days, 4:43:57.944000 	708237.944 	1 day, 9:48:22.109000 	121702.109 	88 days, 11:00:48.223000 	7642848.223 	3.33465045724 	-2.04345537277 	-15.9445582174 	14.6533631329 	0.439212687625 	
55e860934d2671bb0848e98a 	6 days, 9:27:53.836000 	552473.836 	7:53:46.674000 	28426.674 	9 days, 1:31:11.296000 	783071.296 	1.47786530229 	-33.6981169048 	25.5052579581 	6.7149936444 	-7.21722235069 	
55e864da4d2671bb0848e9a2 	13 days, 3:31:31.334000 	1135891.334 	16 days, 21:17:31.223000 	1459051.223 	46 days, 16:06:58.593000 	4032418.593 	9.20362132559 	-11.6242223994 	-8.87783905176 	11.2984401256 	-2.90248842124 	
55e863274d2671bb0848e99a 	12 days, 0:30:17.281000 	1038617.281 	5:16:50.367000 	19010.367 	15 days, 4:09:59.164000 	1310999.164 	6.95146251634 	-53.6382426566 	55.7373635762 	-9.05058343596 	-29.8415425399 	
55fc3801d1f5b51b7a46218b 	12:02:20.400000 	43340.4 	0:00:13.219000 	13.219 	15:45:55.726000 	56755.726 	-5.42724446869 	-25.9607198047 	-14.5919902425 	45.979954516 	-1.66643089862 	
55fa214d9d8bf78b0631e497 	13 days, 11:24:14.286000 	1164254.286 	5 days, 3:19:31.534000 	443971.534 	60 days, 5:44:55.297000 	5204695.297 	-2.83181215218 	1.04589862681 	2.99546026907 	-1.2095467437 	-3.8277030774 	
55e883a54d2671bb084904f0 	14 days, 2:06:58.973000 	1217218.973 	37 days, 19:20:34.100000 	3266434.1 	668 days, 1:20:36.531000 	57720036.531 	-17.0662347131 	-0.776422962433 	7.15546788362 	10.6871897919 	-53.9273192844 	
55e8792d4d2671bb08490083 	12 days, 10:41:47.631000 	1075307.631 	5:23:33.564000 	19413.564 	32 days, 19:50:58.687000 	2836258.687 	23.5310869984 	5.48687324206 	-11.2335608412 	-17.7843993993 	-1.77772617685 	
55e859764d2671bb0848e96c 	12 days, 12:39:28.375000 	1082368.375 	0:00:54.691000 	54.691 	28 days, 3:27:07.464000 	2431627.464 	7.18014489106 	-32.640492733 	2.18606088931 	23.2742869526 	-187.601567692 	
55e85aea4d2671bb0848e977 	14 days, 0:52:46.707000 	1212766.707 	18:21:34.769000 	66094.769 	29 days, 6:53:41.519000 	2530421.519 	3.95639661931 	-19.769468626 	9.42623743872 	6.38683456796 	-4.08500188606 	
55e9b2764d2671bb084b1301 	13 days, 23:26:40.384000 	1207600.384 	2:36:34.816000 	9394.816 	21 days, 14:12:38.659000 	1865558.659 	-1.8159473455 	44.1501907584 	-33.1858181562 	-9.14842525675 	1.04911529757 	
55e9ac7f4d2671bb084b118a 	11 days, 4:12:52.352000 	965572.352 	0:34:43.833000 	2083.833 	36 days, 14:15:05.689000 	3161705.689 	15.5210034837 	-9.8446812808 	1.24639350478 	-6.9227157077 	-3.22916360138 	
55f8989e15f91cc1760f38d3 	14 days, 0:34:26.991000 	1211666.991 	3 days, 15:20:22.119000 	314422.119 	139 days, 18:10:14.956000 	12075014.956 	-2.99666543074 	-6.75739836084 	-9.34857086438 	19.102634656 	-7.8164638031 	
55e7508292a7514210d1290e 	2 days, 9:13:32.474000 	206012.474 	8 days, 0:54:48.895000 	694488.895 	21 days, 0:17:41.904000 	1815461.904 	-10.5910266927 	-5.19359965655 	24.5839279612 	-8.79930161189 	5.98205813507 	
55e88cc44d2671bb08491716 	12 days, 11:30:36.742000 	1078236.742 	5 days, 1:06:59.917000 	436019.917 	98 days, 9:31:23.398000 	8501483.398 	10.9355195071 	-9.94599007417 	-7.20700571475 	6.21747628183 	4.28156244509 	
55eb2e0a2d3bfca706d195cc 	9 days, 3:49:50.554000 	791390.554 	30 days, 3:52:29.483000 	2605949.483 	52 days, 19:45:04.553000 	4563904.553 	-3.41323298199 	-9.97272202278 	18.9285471737 	-5.54259216892 	-2.05451810764 	
55f5c82700823a5906ba6780 	22:03:12.368000 	79392.368 	1 day, 1:15:35.417000 	90935.417 	2 days, 0:20:19.526000 	174019.526 	-2.343786406 	-20.3711688605 	27.1566730861 	-4.44171781962 	-1.40747375127 	
55e9deb64d2671bb084b8723 	14 days, 13:55:54.222000 	1259754.222 	23 days, 12:18:49.976000 	2031529.976 	343 days, 20:53:56.841000 	29710436.841 	6.00177879953 	1.08655528724 	-4.45372989226 	-2.63460419451 	2.74550513174 	
55e87cae4d2671bb08490085 	15 days, 23:35:00.590000 	1380900.59 	16 days, 17:50:07.549000 	1446607.549 	67 days, 15:25:21.192000 	5844321.192 	-4.54908066532 	-7.70490809784 	20.7390614578 	-8.48507269464 	8.18609224685 	
55e861764d2671bb0848e992 	14 days, 11:09:56.280000 	1249796.28 	0:33:21.393000 	2001.393 	7 days, 13:00:07.753000 	651607.753 	35.3450416473 	-23.598827479 	32.5808092729 	-44.3270234411 	250.413892253 	
55e9b2894d2671bb084b130b 	13 days, 2:49:03.250000 	1133343.25 	15 days, 13:27:27.325000 	1344447.325 	67 days, 4:55:42.583000 	5806542.583 	4.46246890351 	-13.0439585304 	8.03620824108 	0.545281385788 	-2.28125088132 	
55eef75a9eb0ddc5243056b2 	8 days, 1:48:08.332000 	697688.332 	3 days, 10:37:09.266000 	297429.266 	37 days, 15:41:35.468000 	3253295.468 	-0.277899969744 	3.90970180177 	9.89108902611 	-13.5228908581 	-6.60507604155 	
55f1891900823a5906a807dc 	8 days, 8:48:32.215000 	722912.215 	8:00:02.783000 	28802.783 	12 days, 8:42:25.692000 	1068145.692 	1.88709099477 	-30.364679611 	22.5746076078 	5.90298100844 	-6.28863127912 	
55e898e74d2671bb08492ea9 	13 days, 22:47:34.534000 	1205254.534 	2:49:31.739000 	10171.739 	39 days, 8:48:39.704000 	3401319.704 	8.46668694161 	-10.6596660191 	-47.9139517551 	50.1069308326 	-1.15685741295 	
55f757db00823a5906c1ee3e 	10 days, 4:15:12.136000 	879312.136 	35 days, 3:34:03.089000 	3036843.089 	56 days, 9:49:26.175000 	4873766.175 	-3.22009469404 	-10.6137599457 	12.6836583645 	1.15019627518 	-2.5744875512 	
55f43f8c00823a5906b44cb5 	11 days, 14:53:33.186000 	1004013.186 	3 days, 15:19:42.729000 	314382.729 	52 days, 13:14:19.023000 	4540459.023 	-0.539890714734 	3.60635594582 	8.29036681735 	-11.3568320484 	-5.94444363874 	
55e87c154d2671bb08490084 	11 days, 23:42:41.850000 	1035761.85 	3 days, 8:39:50.483000 	290390.483 	122 days, 7:30:08.502000 	10567808.502 	-2.05199393508 	-6.46604118183 	-7.78945788814 	16.3074930051 	-8.43763127648 	
55e74f0b92a7514210d128f0 	13 days, 2:36:50.177000 	1132610.177 	3:44:56.538000 	13496.538 	113 days, 23:37:16.533000 	9848236.533 	-12.8319829673 	4.94624115492 	5.87036773905 	2.01537407328 	-1.94486041643 	
55eb44ff2d3bfca706d1dd8c 	13 days, 19:18:29.128000 	1192709.128 	29 days, 22:37:28.042000 	2587048.042 	66 days, 0:52:42.446000 	5705562.446 	-5.89348181254 	-8.92732949193 	-2.7149247408 	17.5357360453 	-7.89850067427 	
55e7426892a7514210d128a5 	1:45:41.031000 	6341.031 	0:14:49.163000 	889.163 	7:32:24.420000 	27144.42 	-0.293639969692 	-11.2556095525 	-2.99891102849 	14.5481605507 	1.57042965166 	
55e9b5c94d2671bb084b1341 	14 days, 3:08:48.003000 	1220928.003 	2 days, 8:37:38.251000 	203858.251 	19 days, 21:02:44.708000 	1717364.708 	2.19317815903 	-18.5204704989 	7.24211033925 	9.0851820006 	14.0803153099 	
55f37fcd00823a5906b1bd56 	13 days, 23:31:34.106000 	1207894.106 	9:29:44.211000 	34184.211 	21 days, 1:33:40.657000 	1820020.657 	5.97148867272 	-27.1636341522 	21.9601099492 	-0.767964469752 	-5.47859543371 	
55e88b4c4d2671bb08491715 	14 days, 0:29:53.202000 	1211393.202 	1:06:03.166000 	3963.166 	74 days, 19:39:01.193000 	6464341.193 	5.21991193291 	-14.9507010316 	-42.8689632041 	52.5997523028 	-32.8665243183 	
55f82b4800823a5906c5b7f8 	13 days, 9:16:17.415000 	1156577.415 	5 days, 3:17:52.216000 	443872.216 	59 days, 17:35:42.742000 	5160942.742 	-2.9058026879 	1.0570531545 	2.86168526905 	-1.01293573566 	-3.8323497753 	
55f3343200823a5906af4231 	8 days, 15:11:48.698000 	745908.698 	3 days, 12:41:09.287000 	304869.287 	40 days, 5:39:23.941000 	3476363.941 	-0.972544717089 	3.69214680389 	8.87604429881 	-11.5956463856 	-6.22000967774 	
55ee51129eb0ddc5242f99d2 	8 days, 18:08:38.413000 	756518.413 	0:00:01.240000 	1.24 	25 days, 16:28:14.466000 	2219294.466 	-22.6073123998 	76.5324383451 	-23.2684183605 	-30.6567075849 	-3.3758823507 	
55ee26ab9eb0ddc5242f0211 	9 days, 18:28:22.595000 	844102.595 	0:13:44.791000 	824.791 	93 days, 10:53:30.708000 	8074410.708 	-5.72772308448 	76.9742502477 	-40.1690951859 	-31.0774319773 	-7.18299420653 	
55f8ad8615f91cc17610ad49 	13 days, 4:23:44.586000 	1139024.586 	5:17:19.348000 	19039.348 	16 days, 8:55:15.632000 	1414515.632 	7.12263678345 	-54.1220052826 	56.8137284783 	-9.81435997922 	-29.2709690263 	
55e76d16b58b97f12b107e41 	2:48:36.398000 	10116.398 	2:28:43.992000 	8923.992 	5:52:15.375000 	21135.375 	-4.89250361973 	-29.283421335 	-21.4396006349 	55.6155255896 	74.394146574 	
55e8601c4d2671bb0848e980 	13 days, 23:35:31.401000 	1208131.401 	0:24:33.348000 	1473.348 	37 days, 0:17:10.386000 	3197830.386 	-0.718596432807 	46.9573475035 	-8.40332780552 	-37.8354232652 	-39.6637692655 	
55e9b2a24d2671bb084b130c 	14 days, 1:09:17.237000 	1213757.237 	23:57:20.889000 	86240.889 	61 days, 19:45:32.380000 	5341532.38 	17.6760060177 	-12.6181317868 	13.3836945997 	-18.4415688307 	1.35177589443 	
